<?xml version="1.0" encoding="UTF-8"?>
<!-- Generated by org.testng.reporters.JUnitReportReporter -->
<testsuite hostname="Tanmay" failures="0" tests="1" name="unDosTresTestScripts.UnDosTres_Recharge_Verification" time="102.786" errors="0" timestamp="2021-08-18T00:24:59 IST" skipped="0">
  <testcase classname="unDosTresTestScripts.UnDosTres_Recharge_Verification" name="run_UnDosTres_Recharge_Verification" time="102.786"/>
  <system-out/>
</testsuite> <!-- unDosTresTestScripts.UnDosTres_Recharge_Verification -->
